#
# A fatal error has been detected by the Java Runtime Environment:
#
#  EXCEPTION_ACCESS_VIOLATION (0xc0000005) at pc=0x00007ffd50ff29d0, pid=2888, tid=3508
#
# JRE version: OpenJDK Runtime Environment Microsoft-7208460 (11.0.18+10) (build 11.0.18+10-LTS)
# Java VM: OpenJDK 64-Bit Server VM Microsoft-7208460 (11.0.18+10-LTS, mixed mode, tiered, compressed oops, g1 gc, windows-amd64)
# Problematic frame:
# V  [jvm.dll+0x6029d0]
#
# No core dump will be written. Minidumps are not enabled by default on client versions of Windows
#
# If you would like to submit a bug report, please visit:
#   https://github.com/microsoft/openjdk/issues
#

---------------  S U M M A R Y ------------

Command Line: org.jetbrains.kotlin.cli.jvm.K2JVMCompiler @C:\Users\User\Desktop\cdadevcdn_18-12-2022\androidreact\ss\workfree_react-native\node_modules\react-native-screens\android\build\20230301_1556293551016512274.compiler.options

Host: Intel(R) Pentium(R) CPU G4560 @ 3.50GHz, 4 cores, 7G,  Windows 10 , 64 bit Build 17134 (10.0.17134.753)
Time: Wed Mar  1 12:45:11 2023 Bangladesh Standard Time elapsed time: 40.862465 seconds (0d 0h 0m 40s)

---------------  T H R E A D  ---------------

Current thread (0x0000023e5e0ab000):  JavaThread "Sweeper thread" daemon [_thread_in_vm, id=3508, stack(0x0000006b89c00000,0x0000006b89d00000)]

Stack: [0x0000006b89c00000,0x0000006b89d00000],  sp=0x0000006b89cff770,  free space=1021k
Native frames: (J=compiled Java code, j=interpreted, Vv=VM code, C=native code)
V  [jvm.dll+0x6029d0]
V  [jvm.dll+0x7450e7]
V  [jvm.dll+0x745440]
V  [jvm.dll+0x745af6]
V  [jvm.dll+0x77bac0]
V  [jvm.dll+0x7749f4]
V  [jvm.dll+0x62adf5]
C  [ucrtbase.dll+0x1e3fe]
C  [KERNEL32.DLL+0x14034]
C  [ntdll.dll+0x73691]


siginfo: EXCEPTION_ACCESS_VIOLATION (0xc0000005), reading address 0x0000000008000110


Register to memory mapping:

RIP=0x00007ffd50ff29d0 jvm.dll
RAX=0x0 is NULL
RBX=0x0000023e3ef9b490 points into unknown readable memory: 0x0000023e5ebabd01 | 01 bd ba 5e 3e 02 00 00
RCX=0x0000000008000000 is an unknown value
RDX=0x0 is NULL
RSP=0x0000006b89cff770 is pointing into the stack for thread: 0x0000023e5e0ab000
RBP=0x0 is NULL
RSI=0x0000023e47d5d390 is at entry_point+-528 in (nmethod*)0x0000023e47d5d390
RDI=0x0000023e5e0ab000 is a thread
R8 =0x6435643734653332 is an unknown value
R9 =0x0000000000000030 is an unknown value
R10=0x0000006b89cff41d is pointing into the stack for thread: 0x0000023e5e0ab000
R11=0x0000023e3ef93b48 points into unknown readable memory: 0x6435643734653332 | 32 33 65 34 37 64 35 64
R12=0x000000000000006b is an unknown value
R13=0x0000000000000060 is an unknown value
R14=0x0000000000000001 is an unknown value
R15=0x0000023e47d5d390 is at entry_point+-528 in (nmethod*)0x0000023e47d5d390


Registers:
RAX=0x0000000000000000, RBX=0x0000023e3ef9b490, RCX=0x0000000008000000, RDX=0x0000000000000000
RSP=0x0000006b89cff770, RBP=0x0000000000000000, RSI=0x0000023e47d5d390, RDI=0x0000023e5e0ab000
R8 =0x6435643734653332, R9 =0x0000000000000030, R10=0x0000006b89cff41d, R11=0x0000023e3ef93b48
R12=0x000000000000006b, R13=0x0000000000000060, R14=0x0000000000000001, R15=0x0000023e47d5d390
RIP=0x00007ffd50ff29d0, EFLAGS=0x0000000000010206

Top of Stack: (sp=0x0000006b89cff770)
0x0000006b89cff770:   0000023e3ef9b490 00007ffd512f7448
0x0000006b89cff780:   0000023e47d5d390 0000000000000008
0x0000006b89cff790:   0000000000000f41 00007ffd511350e7
0x0000006b89cff7a0:   0000023e47d5d390 0000023e5e0ab000
0x0000006b89cff7b0:   0000000000000060 000000000000006b
0x0000006b89cff7c0:   0000000000000718 00007ffd51135440
0x0000006b89cff7d0:   0000000000000f41 0000006b89cff8d0
0x0000006b89cff7e0:   0000023e3ef9b490 fffffff993e1f210
0x0000006b89cff7f0:   000c3eb000000000 0000000000000101
0x0000006b89cff800:   00007ffd00000000 0000023e3ce20000
0x0000006b89cff810:   00000000000471f8 0000000011c7e049
0x0000006b89cff820:   0000023e5d6fa6d8 0000023e3ef9b490
0x0000006b89cff830:   0000023e5d6fc500 0000023e5d706670
0x0000006b89cff840:   00000000000003d8 0000023e5d706680
0x0000006b89cff850:   0000023e5d706a58 0000000000000000
0x0000006b89cff860:   0000000000000000 0000000000000140 

Instructions: (pc=0x00007ffd50ff29d0)
0x00007ffd50ff28d0:   ff 48 8b cb ff 15 76 c5 44 00 48 8d 4d 07 48 89
0x00007ffd50ff28e0:   07 e8 9a 19 08 00 e9 0b ff ff ff 48 89 1f 48 8d
0x00007ffd50ff28f0:   4d 07 e8 89 19 08 00 e9 fa fe ff ff 66 83 f8 0c
0x00007ffd50ff2900:   0f 85 fa fe ff ff 48 8d 45 97 4c 89 6d 07 48 8d
0x00007ffd50ff2910:   4d 07 48 89 45 0f e8 15 30 08 00 48 8d 4d 07 e8
0x00007ffd50ff2920:   2c 19 08 00 e9 cd fe ff ff 48 8b bc 24 f8 00 00
0x00007ffd50ff2930:   00 48 8b 9c 24 f0 00 00 00 48 8b b4 24 00 01 00
0x00007ffd50ff2940:   00 48 81 c4 c0 00 00 00 41 5f 41 5e 41 5d 41 5c
0x00007ffd50ff2950:   5d c3 cc cc cc cc cc cc cc cc cc cc cc cc cc cc
0x00007ffd50ff2960:   40 53 48 83 ec 20 48 8b 1d c3 ac 4c 00 48 89 74
0x00007ffd50ff2970:   24 30 48 8b f1 48 85 db 74 08 48 8b cb e8 0e a0
0x00007ffd50ff2980:   ff ff 8b 15 24 41 4f 00 4c 8b c6 65 48 8b 04 25
0x00007ffd50ff2990:   58 00 00 00 41 b9 08 00 00 00 48 8b 0c d0 48 8d
0x00007ffd50ff29a0:   15 a3 4a 30 00 4a 8b 0c 09 e8 52 ee cc ff 48 8b
0x00007ffd50ff29b0:   8e b8 00 00 00 48 c7 86 b8 00 00 00 00 00 00 00
0x00007ffd50ff29c0:   48 85 c9 74 24 48 89 7c 24 38 66 0f 1f 44 00 00
0x00007ffd50ff29d0:   48 8b b9 10 01 00 00 e8 b4 6a ab ff 48 8b cf 48
0x00007ffd50ff29e0:   85 ff 75 ec 48 8b 7c 24 38 f6 86 58 01 00 00 01
0x00007ffd50ff29f0:   74 08 48 8b ce e8 26 6b be ff 48 8b ce e8 9e 2f
0x00007ffd50ff2a00:   be ff 48 8b ce e8 76 6f be ff 48 8b 74 24 30 48
0x00007ffd50ff2a10:   85 db 74 0d 48 8b cb 48 83 c4 20 5b e9 cf 9c ff
0x00007ffd50ff2a20:   ff 48 83 c4 20 5b c3 cc cc cc cc cc cc cc cc cc
0x00007ffd50ff2a30:   48 89 5c 24 18 57 48 83 ec 60 48 8b 05 c7 46 48
0x00007ffd50ff2a40:   00 48 33 c4 48 89 44 24 58 80 b9 54 01 00 00 00
0x00007ffd50ff2a50:   0f b6 fa 48 8b d9 0f 85 8d 00 00 00 48 63 83 38
0x00007ffd50ff2a60:   01 00 00 c6 81 54 01 00 00 01 48 03 c3 48 89 4c
0x00007ffd50ff2a70:   24 20 33 c9 48 89 4c 24 28 89 4c 24 38 48 8d 4c
0x00007ffd50ff2a80:   24 20 48 89 44 24 30 e8 14 ff c5 ff 84 c0 74 59
0x00007ffd50ff2a90:   83 7c 24 40 0b 48 8d 4c 24 20 75 14 33 d2 e8 4d
0x00007ffd50ff2aa0:   cd c5 ff 48 8b d3 48 8b c8 e8 42 95 fe ff eb 2b
0x00007ffd50ff2ab0:   e8 eb df c5 ff 48 85 c0 74 21 40 84 ff 75 0d 48
0x00007ffd50ff2ac0:   8b 88 98 00 00 00 40 38 79 20 75 0f 44 0f b6 c7 


Stack slot to memory mapping:
stack at sp + 0 slots: 0x0000023e3ef9b490 points into unknown readable memory: 0x0000023e5ebabd01 | 01 bd ba 5e 3e 02 00 00
stack at sp + 1 slots: 0x00007ffd512f7448 jvm.dll
stack at sp + 2 slots: 0x0000023e47d5d390 is at entry_point+-528 in (nmethod*)0x0000023e47d5d390
stack at sp + 3 slots: 0x0000000000000008 is an unknown value
stack at sp + 4 slots: 0x0000000000000f41 is an unknown value
stack at sp + 5 slots: 0x00007ffd511350e7 jvm.dll
stack at sp + 6 slots: 0x0000023e47d5d390 is at entry_point+-528 in (nmethod*)0x0000023e47d5d390
stack at sp + 7 slots: 0x0000023e5e0ab000 is a thread


---------------  P R O C E S S  ---------------

Threads class SMR info:
_java_thread_list=0x0000023e6588da40, length=11, elements={
0x0000023e3ef9f800, 0x0000023e5d6eb800, 0x0000023e5d6ec800, 0x0000023e5d6fb000,
0x0000023e5d6fd000, 0x0000023e5d6fe000, 0x0000023e5d702800, 0x0000023e5e0a7000,
0x0000023e5e0ab000, 0x0000023e5e1a2000, 0x0000023e62287800
}

Java Threads: ( => current thread )
  0x0000023e3ef9f800 JavaThread "main" [_thread_blocked, id=4764, stack(0x0000006b88e00000,0x0000006b88f00000)]
  0x0000023e5d6eb800 JavaThread "Reference Handler" daemon [_thread_blocked, id=6576, stack(0x0000006b89500000,0x0000006b89600000)]
  0x0000023e5d6ec800 JavaThread "Finalizer" daemon [_thread_blocked, id=2464, stack(0x0000006b89600000,0x0000006b89700000)]
  0x0000023e5d6fb000 JavaThread "Signal Dispatcher" daemon [_thread_blocked, id=6732, stack(0x0000006b89700000,0x0000006b89800000)]
  0x0000023e5d6fd000 JavaThread "Attach Listener" daemon [_thread_blocked, id=9668, stack(0x0000006b89800000,0x0000006b89900000)]
  0x0000023e5d6fe000 JavaThread "Service Thread" daemon [_thread_blocked, id=10688, stack(0x0000006b89900000,0x0000006b89a00000)]
  0x0000023e5d702800 JavaThread "C2 CompilerThread0" daemon [_thread_blocked, id=10784, stack(0x0000006b89a00000,0x0000006b89b00000)]
  0x0000023e5e0a7000 JavaThread "C1 CompilerThread0" daemon [_thread_in_vm, id=3956, stack(0x0000006b89b00000,0x0000006b89c00000)]
=>0x0000023e5e0ab000 JavaThread "Sweeper thread" daemon [_thread_in_vm, id=3508, stack(0x0000006b89c00000,0x0000006b89d00000)]
  0x0000023e5e1a2000 JavaThread "Common-Cleaner" daemon [_thread_blocked, id=10732, stack(0x0000006b89e00000,0x0000006b89f00000)]
  0x0000023e62287800 JavaThread "C2 CompilerThread1" daemon [_thread_in_vm, id=10492, stack(0x0000006b8a100000,0x0000006b8a200000)]

Other Threads:
  0x0000023e5d6b0800 VMThread "VM Thread" [stack: 0x0000006b89400000,0x0000006b89500000] [id=3512]
  0x0000023e5e195800 WatcherThread [stack: 0x0000006b89d00000,0x0000006b89e00000] [id=11248]
  0x0000023e3efb8800 GCTaskThread "GC Thread#0" [stack: 0x0000006b88f00000,0x0000006b89000000] [id=5396]
  0x0000023e5e5e4800 GCTaskThread "GC Thread#1" [stack: 0x0000006b89f00000,0x0000006b8a000000] [id=8164]
  0x0000023e5e581000 GCTaskThread "GC Thread#2" [stack: 0x0000006b8a000000,0x0000006b8a100000] [id=5552]
  0x0000023e634a7000 GCTaskThread "GC Thread#3" [stack: 0x0000006b8a200000,0x0000006b8a300000] [id=11056]
  0x0000023e3efe8800 ConcurrentGCThread "G1 Main Marker" [stack: 0x0000006b89000000,0x0000006b89100000] [id=3412]
  0x0000023e3efe9800 ConcurrentGCThread "G1 Conc#0" [stack: 0x0000006b89100000,0x0000006b89200000] [id=5532]
  0x0000023e5d520800 ConcurrentGCThread "G1 Refine#0" [stack: 0x0000006b89200000,0x0000006b89300000] [id=10204]
  0x0000023e62d4e000 ConcurrentGCThread "G1 Refine#1" [stack: 0x0000006b8a300000,0x0000006b8a400000] [id=3948]
  0x0000023e3f069800 ConcurrentGCThread "G1 Young RemSet Sampling" [stack: 0x0000006b89300000,0x0000006b89400000] [id=9912]

Threads with active compile tasks:
C2 CompilerThread0    40902 12727       4       org.jetbrains.kotlin.resolve.calls.tower.PSICallResolver$ASTScopeTower::getImplicitReceiver (94 bytes)
C1 CompilerThread0    40902 12736       3       org.jetbrains.kotlin.resolve.calls.inference.components.TypeVariableDependencyInformationProvider$forAllMyTypeVariables$1$1::invoke (9 bytes)
C2 CompilerThread1    40902 12735       4       org.jetbrains.kotlin.resolve.calls.inference.components.VariableFixationFinder$isProperType$1$1::invoke (9 bytes)

VM state:not at safepoint (normal execution)

VM Mutex/Monitor currently owned by a thread:  ([mutex/lock_event])
[0x0000023e3ef9b490] CodeCache_lock - owner thread: 0x0000023e5e0ab000
[0x0000023e3ef9bcc0] Compile_lock - owner thread: 0x0000023e5e0a7000
[0x0000023e3ef9d6a0] MethodCompileQueue_lock - owner thread: 0x0000023e5e0a7000

Heap address: 0x0000000082000000, size: 2016 MB, Compressed Oops mode: 32-bit
Narrow klass base: 0x0000000000000000, Narrow klass shift: 3
Compressed class space size: 1073741824 Address: 0x0000000100000000

Heap:
 garbage-first heap   total 220160K, used 106395K [0x0000000082000000, 0x0000000100000000)
  region size 1024K, 35 young (35840K), 10 survivors (10240K)
 Metaspace       used 70326K, capacity 71243K, committed 71296K, reserved 1112064K
  class space    used 7643K, capacity 8021K, committed 8064K, reserved 1048576K
Heap Regions: E=young(eden), S=young(survivor), O=old, HS=humongous(starts), HC=humongous(continues), CS=collection set, F=free, A=archive, TAMS=top-at-mark-start (previous, next)
|   0|0x0000000082000000, 0x0000000082100000, 0x0000000082100000|100%|HS|  |TAMS 0x0000000082100000, 0x0000000082000000| Complete 
|   1|0x0000000082100000, 0x0000000082200000, 0x0000000082200000|100%|HC|  |TAMS 0x0000000082200000, 0x0000000082100000| Complete 
|   2|0x0000000082200000, 0x0000000082300000, 0x0000000082300000|100%|HC|  |TAMS 0x0000000082300000, 0x0000000082200000| Complete 
|   3|0x0000000082300000, 0x0000000082400000, 0x0000000082400000|100%| O|  |TAMS 0x0000000082400000, 0x0000000082300000| Untracked 
|   4|0x0000000082400000, 0x0000000082500000, 0x0000000082500000|100%| O|  |TAMS 0x0000000082500000, 0x0000000082400000| Untracked 
|   5|0x0000000082500000, 0x0000000082600000, 0x0000000082600000|100%|HS|  |TAMS 0x0000000082600000, 0x0000000082500000| Complete 
|   6|0x0000000082600000, 0x0000000082700000, 0x0000000082700000|100%|HC|  |TAMS 0x0000000082700000, 0x0000000082600000| Complete 
|   7|0x0000000082700000, 0x0000000082800000, 0x0000000082800000|100%|HC|  |TAMS 0x0000000082800000, 0x0000000082700000| Complete 
|   8|0x0000000082800000, 0x0000000082900000, 0x0000000082900000|100%|HS|  |TAMS 0x0000000082900000, 0x0000000082800000| Complete 
|   9|0x0000000082900000, 0x0000000082a00000, 0x0000000082a00000|100%|HC|  |TAMS 0x0000000082a00000, 0x0000000082900000| Complete 
|  10|0x0000000082a00000, 0x0000000082b00000, 0x0000000082b00000|100%| O|  |TAMS 0x0000000082b00000, 0x0000000082a00000| Untracked 
|  11|0x0000000082b00000, 0x0000000082c00000, 0x0000000082c00000|100%| O|  |TAMS 0x0000000082c00000, 0x0000000082b00000| Untracked 
|  12|0x0000000082c00000, 0x0000000082d00000, 0x0000000082d00000|100%| O|  |TAMS 0x0000000082d00000, 0x0000000082c00000| Untracked 
|  13|0x0000000082d00000, 0x0000000082e00000, 0x0000000082e00000|100%| O|  |TAMS 0x0000000082e00000, 0x0000000082d00000| Untracked 
|  14|0x0000000082e00000, 0x0000000082f00000, 0x0000000082f00000|100%| O|  |TAMS 0x0000000082f00000, 0x0000000082e00000| Untracked 
|  15|0x0000000082f00000, 0x0000000083000000, 0x0000000083000000|100%| O|  |TAMS 0x0000000083000000, 0x0000000082f00000| Untracked 
|  16|0x0000000083000000, 0x0000000083100000, 0x0000000083100000|100%| O|  |TAMS 0x0000000083100000, 0x0000000083000000| Untracked 
|  17|0x0000000083100000, 0x0000000083200000, 0x0000000083200000|100%| O|  |TAMS 0x0000000083200000, 0x0000000083100000| Untracked 
|  18|0x0000000083200000, 0x0000000083300000, 0x0000000083300000|100%| O|  |TAMS 0x0000000083300000, 0x0000000083200000| Untracked 
|  19|0x0000000083300000, 0x0000000083400000, 0x0000000083400000|100%| O|  |TAMS 0x0000000083400000, 0x0000000083300000| Untracked 
|  20|0x0000000083400000, 0x0000000083500000, 0x0000000083500000|100%| O|  |TAMS 0x0000000083439400, 0x0000000083400000| Untracked 
|  21|0x0000000083500000, 0x0000000083600000, 0x0000000083600000|100%| O|  |TAMS 0x0000000083500000, 0x0000000083500000| Untracked 
|  22|0x0000000083600000, 0x0000000083700000, 0x0000000083700000|100%| O|  |TAMS 0x0000000083600000, 0x0000000083600000| Untracked 
|  23|0x0000000083700000, 0x0000000083800000, 0x0000000083800000|100%| O|  |TAMS 0x0000000083700000, 0x0000000083700000| Untracked 
|  24|0x0000000083800000, 0x0000000083900000, 0x0000000083900000|100%| O|  |TAMS 0x0000000083800000, 0x0000000083800000| Untracked 
|  25|0x0000000083900000, 0x0000000083a00000, 0x0000000083a00000|100%| O|  |TAMS 0x0000000083900000, 0x0000000083900000| Untracked 
|  26|0x0000000083a00000, 0x0000000083b00000, 0x0000000083b00000|100%| O|  |TAMS 0x0000000083a00000, 0x0000000083a00000| Untracked 
|  27|0x0000000083b00000, 0x0000000083c00000, 0x0000000083c00000|100%| O|  |TAMS 0x0000000083b00000, 0x0000000083b00000| Untracked 
|  28|0x0000000083c00000, 0x0000000083d00000, 0x0000000083d00000|100%| O|  |TAMS 0x0000000083c00000, 0x0000000083c00000| Untracked 
|  29|0x0000000083d00000, 0x0000000083e00000, 0x0000000083e00000|100%| O|  |TAMS 0x0000000083d00000, 0x0000000083d00000| Untracked 
|  30|0x0000000083e00000, 0x0000000083f00000, 0x0000000083f00000|100%| O|  |TAMS 0x0000000083e00000, 0x0000000083e00000| Untracked 
|  31|0x0000000083f00000, 0x0000000084000000, 0x0000000084000000|100%| O|  |TAMS 0x0000000083f00000, 0x0000000083f00000| Untracked 
|  32|0x0000000084000000, 0x0000000084100000, 0x0000000084100000|100%| O|  |TAMS 0x0000000084000000, 0x0000000084000000| Untracked 
|  33|0x0000000084100000, 0x0000000084200000, 0x0000000084200000|100%| O|  |TAMS 0x0000000084100000, 0x0000000084100000| Untracked 
|  34|0x0000000084200000, 0x0000000084300000, 0x0000000084300000|100%| O|  |TAMS 0x0000000084200000, 0x0000000084200000| Untracked 
|  35|0x0000000084300000, 0x0000000084400000, 0x0000000084400000|100%| O|  |TAMS 0x0000000084300000, 0x0000000084300000| Untracked 
|  36|0x0000000084400000, 0x0000000084500000, 0x0000000084500000|100%| O|  |TAMS 0x0000000084400000, 0x0000000084400000| Untracked 
|  37|0x0000000084500000, 0x0000000084600000, 0x0000000084600000|100%| O|  |TAMS 0x0000000084500000, 0x0000000084500000| Untracked 
|  38|0x0000000084600000, 0x0000000084700000, 0x0000000084700000|100%| O|  |TAMS 0x0000000084600000, 0x0000000084600000| Untracked 
|  39|0x0000000084700000, 0x0000000084800000, 0x0000000084800000|100%| O|  |TAMS 0x0000000084700000, 0x0000000084700000| Untracked 
|  40|0x0000000084800000, 0x0000000084900000, 0x0000000084900000|100%| O|  |TAMS 0x0000000084800000, 0x0000000084800000| Untracked 
|  41|0x0000000084900000, 0x0000000084a00000, 0x0000000084a00000|100%| O|  |TAMS 0x0000000084900000, 0x0000000084900000| Untracked 
|  42|0x0000000084a00000, 0x0000000084b00000, 0x0000000084b00000|100%| O|  |TAMS 0x0000000084a00000, 0x0000000084a00000| Untracked 
|  43|0x0000000084b00000, 0x0000000084c00000, 0x0000000084c00000|100%| O|  |TAMS 0x0000000084b00000, 0x0000000084b00000| Untracked 
|  44|0x0000000084c00000, 0x0000000084d00000, 0x0000000084d00000|100%| O|  |TAMS 0x0000000084c00000, 0x0000000084c00000| Untracked 
|  45|0x0000000084d00000, 0x0000000084e00000, 0x0000000084e00000|100%| O|  |TAMS 0x0000000084d00000, 0x0000000084d00000| Untracked 
|  46|0x0000000084e00000, 0x0000000084f00000, 0x0000000084f00000|100%| O|  |TAMS 0x0000000084e00000, 0x0000000084e00000| Untracked 
|  47|0x0000000084f00000, 0x0000000085000000, 0x0000000085000000|100%| O|  |TAMS 0x0000000084f00000, 0x0000000084f00000| Untracked 
|  48|0x0000000085000000, 0x0000000085100000, 0x0000000085100000|100%| O|  |TAMS 0x0000000085000000, 0x0000000085000000| Untracked 
|  49|0x0000000085100000, 0x0000000085200000, 0x0000000085200000|100%| O|  |TAMS 0x0000000085100000, 0x0000000085100000| Untracked 
|  50|0x0000000085200000, 0x0000000085300000, 0x0000000085300000|100%| O|  |TAMS 0x0000000085200000, 0x0000000085200000| Untracked 
|  51|0x0000000085300000, 0x0000000085400000, 0x0000000085400000|100%| O|  |TAMS 0x0000000085300000, 0x0000000085300000| Untracked 
|  52|0x0000000085400000, 0x0000000085500000, 0x0000000085500000|100%| O|  |TAMS 0x0000000085400000, 0x0000000085400000| Untracked 
|  53|0x0000000085500000, 0x0000000085600000, 0x0000000085600000|100%| O|  |TAMS 0x0000000085500000, 0x0000000085500000| Untracked 
|  54|0x0000000085600000, 0x0000000085700000, 0x0000000085700000|100%| O|  |TAMS 0x0000000085600000, 0x0000000085600000| Untracked 
|  55|0x0000000085700000, 0x0000000085800000, 0x0000000085800000|100%| O|  |TAMS 0x0000000085700000, 0x0000000085700000| Untracked 
|  56|0x0000000085800000, 0x0000000085900000, 0x0000000085900000|100%| O|  |TAMS 0x0000000085800000, 0x0000000085800000| Untracked 
|  57|0x0000000085900000, 0x0000000085a00000, 0x0000000085a00000|100%| O|  |TAMS 0x0000000085900000, 0x0000000085900000| Untracked 
|  58|0x0000000085a00000, 0x0000000085b00000, 0x0000000085b00000|100%| O|  |TAMS 0x0000000085a00000, 0x0000000085a00000| Untracked 
|  59|0x0000000085b00000, 0x0000000085c00000, 0x0000000085c00000|100%| O|  |TAMS 0x0000000085b00000, 0x0000000085b00000| Untracked 
|  60|0x0000000085c00000, 0x0000000085d00000, 0x0000000085d00000|100%| O|  |TAMS 0x0000000085c00000, 0x0000000085c00000| Untracked 
|  61|0x0000000085d00000, 0x0000000085e00000, 0x0000000085e00000|100%| O|  |TAMS 0x0000000085d00000, 0x0000000085d00000| Untracked 
|  62|0x0000000085e00000, 0x0000000085f00000, 0x0000000085f00000|100%|HS|  |TAMS 0x0000000085e00000, 0x0000000085e00000| Complete 
|  63|0x0000000085f00000, 0x0000000086000000, 0x0000000086000000|100%|HC|  |TAMS 0x0000000085f00000, 0x0000000085f00000| Complete 
|  64|0x0000000086000000, 0x0000000086100000, 0x0000000086100000|100%| O|  |TAMS 0x0000000086000000, 0x0000000086000000| Untracked 
|  65|0x0000000086100000, 0x0000000086200000, 0x0000000086200000|100%| O|  |TAMS 0x0000000086100000, 0x0000000086100000| Untracked 
|  66|0x0000000086200000, 0x0000000086300000, 0x0000000086300000|100%| O|  |TAMS 0x0000000086200000, 0x0000000086200000| Untracked 
|  67|0x0000000086300000, 0x0000000086400000, 0x0000000086400000|100%| O|  |TAMS 0x0000000086300000, 0x0000000086300000| Untracked 
|  68|0x0000000086400000, 0x0000000086500000, 0x0000000086500000|100%| O|  |TAMS 0x0000000086400000, 0x0000000086400000| Untracked 
|  69|0x0000000086500000, 0x0000000086600000, 0x0000000086600000|100%| O|  |TAMS 0x0000000086500000, 0x0000000086500000| Untracked 
|  70|0x0000000086600000, 0x0000000086680000, 0x0000000086700000| 50%| O|  |TAMS 0x0000000086600000, 0x0000000086600000| Untracked 
|  71|0x0000000086700000, 0x0000000086700000, 0x0000000086800000|  0%| F|  |TAMS 0x0000000086700000, 0x0000000086700000| Untracked 
|  72|0x0000000086800000, 0x0000000086800000, 0x0000000086900000|  0%| F|  |TAMS 0x0000000086800000, 0x0000000086800000| Untracked 
|  73|0x0000000086900000, 0x0000000086900000, 0x0000000086a00000|  0%| F|  |TAMS 0x0000000086900000, 0x0000000086900000| Untracked 
|  74|0x0000000086a00000, 0x0000000086a00000, 0x0000000086b00000|  0%| F|  |TAMS 0x0000000086a00000, 0x0000000086a00000| Untracked 
|  75|0x0000000086b00000, 0x0000000086b00000, 0x0000000086c00000|  0%| F|  |TAMS 0x0000000086b00000, 0x0000000086b00000| Untracked 
|  76|0x0000000086c00000, 0x0000000086c00000, 0x0000000086d00000|  0%| F|  |TAMS 0x0000000086c00000, 0x0000000086c00000| Untracked 
|  77|0x0000000086d00000, 0x0000000086d00000, 0x0000000086e00000|  0%| F|  |TAMS 0x0000000086d00000, 0x0000000086d00000| Untracked 
|  78|0x0000000086e00000, 0x0000000086e00000, 0x0000000086f00000|  0%| F|  |TAMS 0x0000000086e00000, 0x0000000086e00000| Untracked 
|  79|0x0000000086f00000, 0x0000000086f00000, 0x0000000087000000|  0%| F|  |TAMS 0x0000000086f00000, 0x0000000086f00000| Untracked 
|  80|0x0000000087000000, 0x0000000087000000, 0x0000000087100000|  0%| F|  |TAMS 0x0000000087000000, 0x0000000087000000| Untracked 
|  81|0x0000000087100000, 0x0000000087100000, 0x0000000087200000|  0%| F|  |TAMS 0x0000000087100000, 0x0000000087100000| Untracked 
|  82|0x0000000087200000, 0x0000000087200000, 0x0000000087300000|  0%| F|  |TAMS 0x0000000087200000, 0x0000000087200000| Untracked 
|  83|0x0000000087300000, 0x0000000087300000, 0x0000000087400000|  0%| F|  |TAMS 0x0000000087300000, 0x0000000087300000| Untracked 
|  84|0x0000000087400000, 0x0000000087400000, 0x0000000087500000|  0%| F|  |TAMS 0x0000000087400000, 0x0000000087400000| Untracked 
|  85|0x0000000087500000, 0x0000000087500000, 0x0000000087600000|  0%| F|  |TAMS 0x0000000087500000, 0x0000000087500000| Untracked 
|  86|0x0000000087600000, 0x0000000087600000, 0x0000000087700000|  0%| F|  |TAMS 0x0000000087600000, 0x0000000087600000| Untracked 
|  87|0x0000000087700000, 0x0000000087700000, 0x0000000087800000|  0%| F|  |TAMS 0x0000000087700000, 0x0000000087700000| Untracked 
|  88|0x0000000087800000, 0x0000000087800000, 0x0000000087900000|  0%| F|  |TAMS 0x0000000087800000, 0x0000000087800000| Untracked 
|  89|0x0000000087900000, 0x0000000087900000, 0x0000000087a00000|  0%| F|  |TAMS 0x0000000087900000, 0x0000000087900000| Untracked 
|  90|0x0000000087a00000, 0x0000000087a00000, 0x0000000087b00000|  0%| F|  |TAMS 0x0000000087a00000, 0x0000000087a00000| Untracked 
|  91|0x0000000087b00000, 0x0000000087b00000, 0x0000000087c00000|  0%| F|  |TAMS 0x0000000087b00000, 0x0000000087b00000| Untracked 
|  92|0x0000000087c00000, 0x0000000087c00000, 0x0000000087d00000|  0%| F|  |TAMS 0x0000000087c00000, 0x0000000087c00000| Untracked 
|  93|0x0000000087d00000, 0x0000000087d00000, 0x0000000087e00000|  0%| F|  |TAMS 0x0000000087d00000, 0x0000000087d00000| Untracked 
|  94|0x0000000087e00000, 0x0000000087e00000, 0x0000000087f00000|  0%| F|  |TAMS 0x0000000087e00000, 0x0000000087e00000| Untracked 
|  95|0x0000000087f00000, 0x0000000087f00000, 0x0000000088000000|  0%| F|  |TAMS 0x0000000087f00000, 0x0000000087f00000| Untracked 
|  96|0x0000000088000000, 0x0000000088000000, 0x0000000088100000|  0%| F|  |TAMS 0x0000000088000000, 0x0000000088000000| Untracked 
|  97|0x0000000088100000, 0x0000000088100000, 0x0000000088200000|  0%| F|  |TAMS 0x0000000088100000, 0x0000000088100000| Untracked 
|  98|0x0000000088200000, 0x0000000088200000, 0x0000000088300000|  0%| F|  |TAMS 0x0000000088200000, 0x0000000088200000| Untracked 
|  99|0x0000000088300000, 0x0000000088300000, 0x0000000088400000|  0%| F|  |TAMS 0x0000000088300000, 0x0000000088300000| Untracked 
| 100|0x0000000088400000, 0x0000000088400000, 0x0000000088500000|  0%| F|  |TAMS 0x0000000088400000, 0x0000000088400000| Untracked 
| 101|0x0000000088500000, 0x0000000088500000, 0x0000000088600000|  0%| F|  |TAMS 0x0000000088500000, 0x0000000088500000| Untracked 
| 102|0x0000000088600000, 0x0000000088600000, 0x0000000088700000|  0%| F|  |TAMS 0x0000000088600000, 0x0000000088600000| Untracked 
| 103|0x0000000088700000, 0x0000000088700000, 0x0000000088800000|  0%| F|  |TAMS 0x0000000088700000, 0x0000000088700000| Untracked 
| 104|0x0000000088800000, 0x0000000088800000, 0x0000000088900000|  0%| F|  |TAMS 0x0000000088800000, 0x0000000088800000| Untracked 
| 105|0x0000000088900000, 0x0000000088900000, 0x0000000088a00000|  0%| F|  |TAMS 0x0000000088900000, 0x0000000088900000| Untracked 
| 106|0x0000000088a00000, 0x0000000088a00000, 0x0000000088b00000|  0%| F|  |TAMS 0x0000000088a00000, 0x0000000088a00000| Untracked 
| 107|0x0000000088b00000, 0x0000000088b66c08, 0x0000000088c00000| 40%| S|CS|TAMS 0x0000000088b00000, 0x0000000088b00000| Complete 
| 108|0x0000000088c00000, 0x0000000088d00000, 0x0000000088d00000|100%| S|CS|TAMS 0x0000000088c00000, 0x0000000088c00000| Complete 
| 109|0x0000000088d00000, 0x0000000088e00000, 0x0000000088e00000|100%| S|CS|TAMS 0x0000000088d00000, 0x0000000088d00000| Complete 
| 110|0x0000000088e00000, 0x0000000088f00000, 0x0000000088f00000|100%| S|CS|TAMS 0x0000000088e00000, 0x0000000088e00000| Complete 
| 111|0x0000000088f00000, 0x0000000089000000, 0x0000000089000000|100%| S|CS|TAMS 0x0000000088f00000, 0x0000000088f00000| Complete 
| 112|0x0000000089000000, 0x0000000089100000, 0x0000000089100000|100%| S|CS|TAMS 0x0000000089000000, 0x0000000089000000| Complete 
| 113|0x0000000089100000, 0x0000000089200000, 0x0000000089200000|100%| S|CS|TAMS 0x0000000089100000, 0x0000000089100000| Complete 
| 114|0x0000000089200000, 0x0000000089300000, 0x0000000089300000|100%| S|CS|TAMS 0x0000000089200000, 0x0000000089200000| Complete 
| 115|0x0000000089300000, 0x0000000089400000, 0x0000000089400000|100%| S|CS|TAMS 0x0000000089300000, 0x0000000089300000| Complete 
| 116|0x0000000089400000, 0x0000000089500000, 0x0000000089500000|100%| S|CS|TAMS 0x0000000089400000, 0x0000000089400000| Complete 
| 117|0x0000000089500000, 0x0000000089500000, 0x0000000089600000|  0%| F|  |TAMS 0x0000000089500000, 0x0000000089500000| Untracked 
| 118|0x0000000089600000, 0x0000000089600000, 0x0000000089700000|  0%| F|  |TAMS 0x0000000089600000, 0x0000000089600000| Untracked 
| 119|0x0000000089700000, 0x0000000089700000, 0x0000000089800000|  0%| F|  |TAMS 0x0000000089700000, 0x0000000089700000| Untracked 
| 120|0x0000000089800000, 0x0000000089800000, 0x0000000089900000|  0%| F|  |TAMS 0x0000000089800000, 0x0000000089800000| Untracked 
| 121|0x0000000089900000, 0x0000000089900000, 0x0000000089a00000|  0%| F|  |TAMS 0x0000000089900000, 0x0000000089900000| Untracked 
| 122|0x0000000089a00000, 0x0000000089a00000, 0x0000000089b00000|  0%| F|  |TAMS 0x0000000089a00000, 0x0000000089a00000| Untracked 
| 123|0x0000000089b00000, 0x0000000089b00000, 0x0000000089c00000|  0%| F|  |TAMS 0x0000000089b00000, 0x0000000089b00000| Untracked 
| 124|0x0000000089c00000, 0x0000000089c00000, 0x0000000089d00000|  0%| F|  |TAMS 0x0000000089c00000, 0x0000000089c00000| Untracked 
| 125|0x0000000089d00000, 0x0000000089d00000, 0x0000000089e00000|  0%| F|  |TAMS 0x0000000089d00000, 0x0000000089d00000| Untracked 
| 126|0x0000000089e00000, 0x0000000089e00000, 0x0000000089f00000|  0%| F|  |TAMS 0x0000000089e00000, 0x0000000089e00000| Untracked 
| 127|0x0000000089f00000, 0x0000000089f00000, 0x000000008a000000|  0%| F|  |TAMS 0x0000000089f00000, 0x0000000089f00000| Untracked 
| 128|0x000000008a000000, 0x000000008a000000, 0x000000008a100000|  0%| F|  |TAMS 0x000000008a000000, 0x000000008a000000| Untracked 
| 129|0x000000008a100000, 0x000000008a100000, 0x000000008a200000|  0%| F|  |TAMS 0x000000008a100000, 0x000000008a100000| Untracked 
| 130|0x000000008a200000, 0x000000008a200000, 0x000000008a300000|  0%| F|  |TAMS 0x000000008a200000, 0x000000008a200000| Untracked 
| 131|0x000000008a300000, 0x000000008a300000, 0x000000008a400000|  0%| F|  |TAMS 0x000000008a300000, 0x000000008a300000| Untracked 
| 132|0x000000008a400000, 0x000000008a400000, 0x000000008a500000|  0%| F|  |TAMS 0x000000008a400000, 0x000000008a400000| Untracked 
| 133|0x000000008a500000, 0x000000008a500000, 0x000000008a600000|  0%| F|  |TAMS 0x000000008a500000, 0x000000008a500000| Untracked 
| 134|0x000000008a600000, 0x000000008a600000, 0x000000008a700000|  0%| F|  |TAMS 0x000000008a600000, 0x000000008a600000| Untracked 
| 135|0x000000008a700000, 0x000000008a700000, 0x000000008a800000|  0%| F|  |TAMS 0x000000008a700000, 0x000000008a700000| Untracked 
| 136|0x000000008a800000, 0x000000008a800000, 0x000000008a900000|  0%| F|  |TAMS 0x000000008a800000, 0x000000008a800000| Untracked 
| 137|0x000000008a900000, 0x000000008a900000, 0x000000008aa00000|  0%| F|  |TAMS 0x000000008a900000, 0x000000008a900000| Untracked 
| 138|0x000000008aa00000, 0x000000008aa00000, 0x000000008ab00000|  0%| F|  |TAMS 0x000000008aa00000, 0x000000008aa00000| Untracked 
| 139|0x000000008ab00000, 0x000000008ab00000, 0x000000008ac00000|  0%| F|  |TAMS 0x000000008ab00000, 0x000000008ab00000| Untracked 
| 140|0x000000008ac00000, 0x000000008ac00000, 0x000000008ad00000|  0%| F|  |TAMS 0x000000008ac00000, 0x000000008ac00000| Untracked 
| 141|0x000000008ad00000, 0x000000008ad00000, 0x000000008ae00000|  0%| F|  |TAMS 0x000000008ad00000, 0x000000008ad00000| Untracked 
| 142|0x000000008ae00000, 0x000000008ae00000, 0x000000008af00000|  0%| F|  |TAMS 0x000000008ae00000, 0x000000008ae00000| Untracked 
| 143|0x000000008af00000, 0x000000008af00000, 0x000000008b000000|  0%| F|  |TAMS 0x000000008af00000, 0x000000008af00000| Untracked 
| 144|0x000000008b000000, 0x000000008b000000, 0x000000008b100000|  0%| F|  |TAMS 0x000000008b000000, 0x000000008b000000| Untracked 
| 145|0x000000008b100000, 0x000000008b100000, 0x000000008b200000|  0%| F|  |TAMS 0x000000008b100000, 0x000000008b100000| Untracked 
| 146|0x000000008b200000, 0x000000008b200000, 0x000000008b300000|  0%| F|  |TAMS 0x000000008b200000, 0x000000008b200000| Untracked 
| 147|0x000000008b300000, 0x000000008b300000, 0x000000008b400000|  0%| F|  |TAMS 0x000000008b300000, 0x000000008b300000| Untracked 
| 148|0x000000008b400000, 0x000000008b400000, 0x000000008b500000|  0%| F|  |TAMS 0x000000008b400000, 0x000000008b400000| Untracked 
| 149|0x000000008b500000, 0x000000008b500000, 0x000000008b600000|  0%| F|  |TAMS 0x000000008b500000, 0x000000008b500000| Untracked 
| 150|0x000000008b600000, 0x000000008b600000, 0x000000008b700000|  0%| F|  |TAMS 0x000000008b600000, 0x000000008b600000| Untracked 
| 151|0x000000008b700000, 0x000000008b700000, 0x000000008b800000|  0%| F|  |TAMS 0x000000008b700000, 0x000000008b700000| Untracked 
| 152|0x000000008b800000, 0x000000008b800000, 0x000000008b900000|  0%| F|  |TAMS 0x000000008b800000, 0x000000008b800000| Untracked 
| 153|0x000000008b900000, 0x000000008b900000, 0x000000008ba00000|  0%| F|  |TAMS 0x000000008b900000, 0x000000008b900000| Untracked 
| 154|0x000000008ba00000, 0x000000008ba00000, 0x000000008bb00000|  0%| F|  |TAMS 0x000000008ba00000, 0x000000008ba00000| Untracked 
| 155|0x000000008bb00000, 0x000000008bb00000, 0x000000008bc00000|  0%| F|  |TAMS 0x000000008bb00000, 0x000000008bb00000| Untracked 
| 156|0x000000008bc00000, 0x000000008bc00000, 0x000000008bd00000|  0%| F|  |TAMS 0x000000008bc00000, 0x000000008bc00000| Untracked 
| 157|0x000000008bd00000, 0x000000008bd00000, 0x000000008be00000|  0%| F|  |TAMS 0x000000008bd00000, 0x000000008bd00000| Untracked 
| 158|0x000000008be00000, 0x000000008be00000, 0x000000008bf00000|  0%| F|  |TAMS 0x000000008be00000, 0x000000008be00000| Untracked 
| 159|0x000000008bf00000, 0x000000008bf00000, 0x000000008c000000|  0%| F|  |TAMS 0x000000008bf00000, 0x000000008bf00000| Untracked 
| 160|0x000000008c000000, 0x000000008c000000, 0x000000008c100000|  0%| F|  |TAMS 0x000000008c000000, 0x000000008c000000| Untracked 
| 161|0x000000008c100000, 0x000000008c100000, 0x000000008c200000|  0%| F|  |TAMS 0x000000008c100000, 0x000000008c100000| Untracked 
| 162|0x000000008c200000, 0x000000008c200000, 0x000000008c300000|  0%| F|  |TAMS 0x000000008c200000, 0x000000008c200000| Untracked 
| 163|0x000000008c300000, 0x000000008c300000, 0x000000008c400000|  0%| F|  |TAMS 0x000000008c300000, 0x000000008c300000| Untracked 
| 164|0x000000008c400000, 0x000000008c400000, 0x000000008c500000|  0%| F|  |TAMS 0x000000008c400000, 0x000000008c400000| Untracked 
| 165|0x000000008c500000, 0x000000008c500000, 0x000000008c600000|  0%| F|  |TAMS 0x000000008c500000, 0x000000008c500000| Untracked 
| 166|0x000000008c600000, 0x000000008c600000, 0x000000008c700000|  0%| F|  |TAMS 0x000000008c600000, 0x000000008c600000| Untracked 
| 167|0x000000008c700000, 0x000000008c700000, 0x000000008c800000|  0%| F|  |TAMS 0x000000008c700000, 0x000000008c700000| Untracked 
| 168|0x000000008c800000, 0x000000008c800000, 0x000000008c900000|  0%| F|  |TAMS 0x000000008c800000, 0x000000008c800000| Untracked 
| 169|0x000000008c900000, 0x000000008c900000, 0x000000008ca00000|  0%| F|  |TAMS 0x000000008c900000, 0x000000008c900000| Untracked 
| 170|0x000000008ca00000, 0x000000008ca00000, 0x000000008cb00000|  0%| F|  |TAMS 0x000000008ca00000, 0x000000008ca00000| Untracked 
| 171|0x000000008cb00000, 0x000000008cb00000, 0x000000008cc00000|  0%| F|  |TAMS 0x000000008cb00000, 0x000000008cb00000| Untracked 
| 172|0x000000008cc00000, 0x000000008cc00000, 0x000000008cd00000|  0%| F|  |TAMS 0x000000008cc00000, 0x000000008cc00000| Untracked 
| 173|0x000000008cd00000, 0x000000008cd00000, 0x000000008ce00000|  0%| F|  |TAMS 0x000000008cd00000, 0x000000008cd00000| Untracked 
| 174|0x000000008ce00000, 0x000000008ce00000, 0x000000008cf00000|  0%| F|  |TAMS 0x000000008ce00000, 0x000000008ce00000| Untracked 
| 175|0x000000008cf00000, 0x000000008cf00000, 0x000000008d000000|  0%| F|  |TAMS 0x000000008cf00000, 0x000000008cf00000| Untracked 
| 176|0x000000008d000000, 0x000000008d000000, 0x000000008d100000|  0%| F|  |TAMS 0x000000008d000000, 0x000000008d000000| Untracked 
| 177|0x000000008d100000, 0x000000008d100000, 0x000000008d200000|  0%| F|  |TAMS 0x000000008d100000, 0x000000008d100000| Untracked 
| 178|0x000000008d200000, 0x000000008d200000, 0x000000008d300000|  0%| F|  |TAMS 0x000000008d200000, 0x000000008d200000| Untracked 
| 179|0x000000008d300000, 0x000000008d300000, 0x000000008d400000|  0%| F|  |TAMS 0x000000008d300000, 0x000000008d300000| Untracked 
| 180|0x000000008d400000, 0x000000008d400000, 0x000000008d500000|  0%| F|  |TAMS 0x000000008d400000, 0x000000008d400000| Untracked 
| 181|0x000000008d500000, 0x000000008d500000, 0x000000008d600000|  0%| F|  |TAMS 0x000000008d500000, 0x000000008d500000| Untracked 
| 182|0x000000008d600000, 0x000000008d600000, 0x000000008d700000|  0%| F|  |TAMS 0x000000008d600000, 0x000000008d600000| Untracked 
| 183|0x000000008d700000, 0x000000008d700000, 0x000000008d800000|  0%| F|  |TAMS 0x000000008d700000, 0x000000008d700000| Untracked 
| 184|0x000000008d800000, 0x000000008d800000, 0x000000008d900000|  0%| F|  |TAMS 0x000000008d800000, 0x000000008d800000| Untracked 
| 185|0x000000008d900000, 0x000000008d900000, 0x000000008da00000|  0%| F|  |TAMS 0x000000008d900000, 0x000000008d900000| Untracked 
| 186|0x000000008da00000, 0x000000008da00000, 0x000000008db00000|  0%| F|  |TAMS 0x000000008da00000, 0x000000008da00000| Untracked 
| 187|0x000000008db00000, 0x000000008db00000, 0x000000008dc00000|  0%| F|  |TAMS 0x000000008db00000, 0x000000008db00000| Untracked 
| 188|0x000000008dc00000, 0x000000008dc00000, 0x000000008dd00000|  0%| F|  |TAMS 0x000000008dc00000, 0x000000008dc00000| Untracked 
| 189|0x000000008dd00000, 0x000000008dd00000, 0x000000008de00000|  0%| F|  |TAMS 0x000000008dd00000, 0x000000008dd00000| Untracked 
| 190|0x000000008de00000, 0x000000008df00000, 0x000000008df00000|100%| E|  |TAMS 0x000000008de00000, 0x000000008de00000| Complete 
| 191|0x000000008df00000, 0x000000008e000000, 0x000000008e000000|100%| E|CS|TAMS 0x000000008df00000, 0x000000008df00000| Complete 
| 192|0x000000008e000000, 0x000000008e100000, 0x000000008e100000|100%| E|CS|TAMS 0x000000008e000000, 0x000000008e000000| Complete 
| 193|0x000000008e100000, 0x000000008e200000, 0x000000008e200000|100%| E|CS|TAMS 0x000000008e100000, 0x000000008e100000| Complete 
| 194|0x000000008e200000, 0x000000008e300000, 0x000000008e300000|100%| E|CS|TAMS 0x000000008e200000, 0x000000008e200000| Complete 
| 195|0x000000008e300000, 0x000000008e400000, 0x000000008e400000|100%| E|CS|TAMS 0x000000008e300000, 0x000000008e300000| Complete 
| 196|0x000000008e400000, 0x000000008e500000, 0x000000008e500000|100%| E|CS|TAMS 0x000000008e400000, 0x000000008e400000| Complete 
| 197|0x000000008e500000, 0x000000008e600000, 0x000000008e600000|100%| E|CS|TAMS 0x000000008e500000, 0x000000008e500000| Complete 
| 198|0x000000008e600000, 0x000000008e700000, 0x000000008e700000|100%| E|CS|TAMS 0x000000008e600000, 0x000000008e600000| Complete 
| 199|0x000000008e700000, 0x000000008e800000, 0x000000008e800000|100%| E|CS|TAMS 0x000000008e700000, 0x000000008e700000| Complete 
| 200|0x000000008e800000, 0x000000008e900000, 0x000000008e900000|100%| E|CS|TAMS 0x000000008e800000, 0x000000008e800000| Complete 
| 201|0x000000008e900000, 0x000000008ea00000, 0x000000008ea00000|100%| E|CS|TAMS 0x000000008e900000, 0x000000008e900000| Complete 
| 202|0x000000008ea00000, 0x000000008eb00000, 0x000000008eb00000|100%| E|CS|TAMS 0x000000008ea00000, 0x000000008ea00000| Complete 
| 203|0x000000008eb00000, 0x000000008ec00000, 0x000000008ec00000|100%| E|CS|TAMS 0x000000008eb00000, 0x000000008eb00000| Complete 
| 204|0x000000008ec00000, 0x000000008ed00000, 0x000000008ed00000|100%| E|CS|TAMS 0x000000008ec00000, 0x000000008ec00000| Complete 
| 205|0x000000008ed00000, 0x000000008ee00000, 0x000000008ee00000|100%| E|CS|TAMS 0x000000008ed00000, 0x000000008ed00000| Complete 
| 206|0x000000008ee00000, 0x000000008ef00000, 0x000000008ef00000|100%| E|CS|TAMS 0x000000008ee00000, 0x000000008ee00000| Complete 
| 207|0x000000008ef00000, 0x000000008f000000, 0x000000008f000000|100%| E|CS|TAMS 0x000000008ef00000, 0x000000008ef00000| Complete 
| 208|0x000000008f000000, 0x000000008f100000, 0x000000008f100000|100%| E|CS|TAMS 0x000000008f000000, 0x000000008f000000| Complete 
| 209|0x000000008f100000, 0x000000008f200000, 0x000000008f200000|100%| E|CS|TAMS 0x000000008f100000, 0x000000008f100000| Complete 
| 210|0x000000008f200000, 0x000000008f300000, 0x000000008f300000|100%| E|CS|TAMS 0x000000008f200000, 0x000000008f200000| Complete 
| 211|0x000000008f300000, 0x000000008f400000, 0x000000008f400000|100%| E|CS|TAMS 0x000000008f300000, 0x000000008f300000| Complete 
| 212|0x000000008f400000, 0x000000008f500000, 0x000000008f500000|100%| E|CS|TAMS 0x000000008f400000, 0x000000008f400000| Complete 
| 213|0x000000008f500000, 0x000000008f600000, 0x000000008f600000|100%| E|CS|TAMS 0x000000008f500000, 0x000000008f500000| Complete 
| 214|0x000000008f600000, 0x000000008f700000, 0x000000008f700000|100%| E|CS|TAMS 0x000000008f600000, 0x000000008f600000| Complete 

Card table byte_map: [0x0000023e56b00000,0x0000023e56ef0000] _byte_map_base: 0x0000023e566f0000

Marking Bits (Prev, Next): (CMBitMap*) 0x0000023e3efdf960, (CMBitMap*) 0x0000023e3efdf928
 Prev Bits: [0x0000023e59260000, 0x0000023e5b1e0000)
 Next Bits: [0x0000023e572e0000, 0x0000023e59260000)

Polling page: 0x0000023e3ce80000

Metaspace:

Usage:
  Non-class:     61.74 MB capacity,    61.21 MB (>99%) used,   411.23 KB ( <1%) free+waste,   127.19 KB ( <1%) overhead. 
      Class:      7.83 MB capacity,     7.46 MB ( 95%) used,   323.40 KB (  4%) free+waste,    54.25 KB ( <1%) overhead. 
       Both:     69.57 MB capacity,    68.68 MB ( 99%) used,   734.63 KB (  1%) free+waste,   181.44 KB ( <1%) overhead. 

Virtual space:
  Non-class space:       62.00 MB reserved,      61.75 MB (>99%) committed 
      Class space:        1.00 GB reserved,       7.88 MB ( <1%) committed 
             Both:        1.06 GB reserved,      69.63 MB (  6%) committed 

Chunk freelists:
   Non-Class:  10.00 KB
       Class:  11.00 KB
        Both:  21.00 KB

MaxMetaspaceSize: 17179869184.00 GB
CompressedClassSpaceSize: 1.00 GB
Initial GC threshold: 20.80 MB
Current GC threshold: 77.71 MB
CDS: off

CodeHeap 'non-profiled nmethods': size=120064Kb used=8404Kb max_used=8906Kb free=111659Kb
 bounds [0x0000023e4f1d0000, 0x0000023e4fa90000, 0x0000023e56710000]
CodeHeap 'profiled nmethods': size=120000Kb used=38289Kb max_used=38743Kb free=81710Kb
 bounds [0x0000023e47ca0000, 0x0000023e4a280000, 0x0000023e4f1d0000]
CodeHeap 'non-nmethods': size=5696Kb used=1308Kb max_used=1375Kb free=4387Kb
 bounds [0x0000023e47710000, 0x0000023e47980000, 0x0000023e47ca0000]
 total_blobs=12918 nmethods=12327 adapters=501
 compilation: enabled
              stopped_count=0, restarted_count=0
 full_count=0

Compilation events (20 events):
Event: 40.834 Thread 0x0000023e5d702800 12722       4       org.jetbrains.kotlin.resolve.calls.tower.ScopeTowerProcessorsKt$createVariableProcessor$1::invoke (13 bytes)
Event: 40.835 Thread 0x0000023e5d702800 nmethod 12722 0x0000023e4fa7d190 code [0x0000023e4fa7d340, 0x0000023e4fa7d458]
Event: 40.835 Thread 0x0000023e5d702800 12719       4       org.jetbrains.kotlin.resolve.lazy.descriptors.AbstractLazyMemberScope::getContributedClassifier (280 bytes)
Event: 40.840 Thread 0x0000023e5e0a7000 12729       1       org.jetbrains.kotlin.resolve.calls.tower.SubKotlinCallArgumentImpl::getValueArgument (5 bytes)
Event: 40.840 Thread 0x0000023e5e0a7000 nmethod 12729 0x0000023e4fa7d590 code [0x0000023e4fa7d740, 0x0000023e4fa7d7f8]
Event: 40.842 Thread 0x0000023e5e0a7000 12731       3       org.jetbrains.kotlin.resolve.calls.inference.components.TypeVariableDependencyInformationProvider$computeConstraintEdges$1::invoke (12 bytes)
Event: 40.843 Thread 0x0000023e5e0a7000 nmethod 12731 0x0000023e4a273b10 code [0x0000023e4a273d80, 0x0000023e4a2746f8]
Event: 40.844 Thread 0x0000023e62287800 nmethod 12714 0x0000023e4fa7d890 code [0x0000023e4fa7dbc0, 0x0000023e4fa7f480]
Event: 40.845 Thread 0x0000023e62287800 12730       4       org.jetbrains.kotlin.types.checker.SimpleClassicTypeSystemContext::lowerBound (6 bytes)
Event: 40.845 Thread 0x0000023e5e0a7000 12733       3       org.jetbrains.kotlin.resolve.calls.inference.components.TypeVariableDependencyInformationProvider::computeConstraintEdges$addConstraintEdgeForDeepDependency (133 bytes)
Event: 40.846 Thread 0x0000023e62287800 nmethod 12730 0x0000023e4fa80f90 code [0x0000023e4fa81120, 0x0000023e4fa811d8]
Event: 40.846 Thread 0x0000023e62287800 12732       4       org.jetbrains.kotlin.resolve.calls.inference.model.MutableVariableWithConstraints::getConstraints (31 bytes)
Event: 40.846 Thread 0x0000023e5d702800 nmethod 12719 0x0000023e4fa81310 code [0x0000023e4fa81540, 0x0000023e4fa81b98]
Event: 40.846 Thread 0x0000023e5d702800 12727       4       org.jetbrains.kotlin.resolve.calls.tower.PSICallResolver$ASTScopeTower::getImplicitReceiver (94 bytes)
Event: 40.846 Thread 0x0000023e5e0a7000 nmethod 12733 0x0000023e4a274a90 code [0x0000023e4a274d80, 0x0000023e4a275d58]
Event: 40.848 Thread 0x0000023e62287800 nmethod 12732 0x0000023e4fa82410 code [0x0000023e4fa825c0, 0x0000023e4fa82748]
Event: 40.848 Thread 0x0000023e62287800 12728       4       org.jetbrains.kotlin.com.intellij.psi.impl.source.tree.TreeElement::assertReadAccessAllowed (93 bytes)
Event: 40.848 Thread 0x0000023e62287800 nmethod 12728 0x0000023e4fa82810 code [0x0000023e4fa829a0, 0x0000023e4fa82a38]
Event: 40.848 Thread 0x0000023e62287800 12735       4       org.jetbrains.kotlin.resolve.calls.inference.components.VariableFixationFinder$isProperType$1$1::invoke (9 bytes)
Event: 40.855 Thread 0x0000023e5e0a7000 12736       3       org.jetbrains.kotlin.resolve.calls.inference.components.TypeVariableDependencyInformationProvider$forAllMyTypeVariables$1$1::invoke (9 bytes)

GC Heap History (20 events):
Event: 0.837 GC heap before
{Heap before GC invocations=0 (full 0):
 garbage-first heap   total 129024K, used 17408K [0x0000000082000000, 0x0000000100000000)
  region size 1024K, 14 young (14336K), 0 survivors (0K)
 Metaspace       used 9896K, capacity 9970K, committed 10112K, reserved 1058816K
  class space    used 831K, capacity 853K, committed 896K, reserved 1048576K
}
Event: 0.936 GC heap after
{Heap after GC invocations=1 (full 0):
 garbage-first heap   total 129024K, used 5463K [0x0000000082000000, 0x0000000100000000)
  region size 1024K, 2 young (2048K), 2 survivors (2048K)
 Metaspace       used 9896K, capacity 9970K, committed 10112K, reserved 1058816K
  class space    used 831K, capacity 853K, committed 896K, reserved 1048576K
}
Event: 2.760 GC heap before
{Heap before GC invocations=1 (full 0):
 garbage-first heap   total 129024K, used 50519K [0x0000000082000000, 0x0000000100000000)
  region size 1024K, 47 young (48128K), 2 survivors (2048K)
 Metaspace       used 20981K, capacity 21182K, committed 21248K, reserved 1069056K
  class space    used 2199K, capacity 2280K, committed 2304K, reserved 1048576K
}
Event: 2.778 GC heap after
{Heap after GC invocations=2 (full 0):
 garbage-first heap   total 129024K, used 9256K [0x0000000082000000, 0x0000000100000000)
  region size 1024K, 6 young (6144K), 6 survivors (6144K)
 Metaspace       used 20981K, capacity 21182K, committed 21248K, reserved 1069056K
  class space    used 2199K, capacity 2280K, committed 2304K, reserved 1048576K
}
Event: 6.516 GC heap before
{Heap before GC invocations=3 (full 0):
 garbage-first heap   total 129024K, used 61480K [0x0000000082000000, 0x0000000100000000)
  region size 1024K, 52 young (53248K), 6 survivors (6144K)
 Metaspace       used 31817K, capacity 32250K, committed 32512K, reserved 1077248K
  class space    used 3913K, capacity 4084K, committed 4096K, reserved 1048576K
}
Event: 6.533 GC heap after
{Heap after GC invocations=4 (full 0):
 garbage-first heap   total 129024K, used 20947K [0x0000000082000000, 0x0000000100000000)
  region size 1024K, 7 young (7168K), 7 survivors (7168K)
 Metaspace       used 31817K, capacity 32250K, committed 32512K, reserved 1077248K
  class space    used 3913K, capacity 4084K, committed 4096K, reserved 1048576K
}
Event: 8.163 GC heap before
{Heap before GC invocations=4 (full 0):
 garbage-first heap   total 129024K, used 35283K [0x0000000082000000, 0x0000000100000000)
  region size 1024K, 22 young (22528K), 7 survivors (7168K)
 Metaspace       used 35336K, capacity 35786K, committed 35840K, reserved 1081344K
  class space    used 4300K, capacity 4474K, committed 4480K, reserved 1048576K
}
Event: 8.176 GC heap after
{Heap after GC invocations=5 (full 0):
 garbage-first heap   total 129024K, used 20557K [0x0000000082000000, 0x0000000100000000)
  region size 1024K, 2 young (2048K), 2 survivors (2048K)
 Metaspace       used 35336K, capacity 35786K, committed 35840K, reserved 1081344K
  class space    used 4300K, capacity 4474K, committed 4480K, reserved 1048576K
}
Event: 12.659 GC heap before
{Heap before GC invocations=6 (full 0):
 garbage-first heap   total 129024K, used 78925K [0x0000000082000000, 0x0000000100000000)
  region size 1024K, 57 young (58368K), 2 survivors (2048K)
 Metaspace       used 46959K, capacity 47500K, committed 47744K, reserved 1091584K
  class space    used 5472K, capacity 5684K, committed 5760K, reserved 1048576K
}
Event: 12.683 GC heap after
{Heap after GC invocations=7 (full 0):
 garbage-first heap   total 129024K, used 28728K [0x0000000082000000, 0x0000000100000000)
  region size 1024K, 8 young (8192K), 8 survivors (8192K)
 Metaspace       used 46959K, capacity 47500K, committed 47744K, reserved 1091584K
  class space    used 5472K, capacity 5684K, committed 5760K, reserved 1048576K
}
Event: 16.016 GC heap before
{Heap before GC invocations=8 (full 0):
 garbage-first heap   total 129024K, used 87096K [0x0000000082000000, 0x0000000100000000)
  region size 1024K, 64 young (65536K), 8 survivors (8192K)
 Metaspace       used 50719K, capacity 51346K, committed 51456K, reserved 1095680K
  class space    used 5792K, capacity 6035K, committed 6144K, reserved 1048576K
}
Event: 16.045 GC heap after
{Heap after GC invocations=9 (full 0):
 garbage-first heap   total 220160K, used 36565K [0x0000000082000000, 0x0000000100000000)
  region size 1024K, 8 young (8192K), 8 survivors (8192K)
 Metaspace       used 50719K, capacity 51346K, committed 51456K, reserved 1095680K
  class space    used 5792K, capacity 6035K, committed 6144K, reserved 1048576K
}
Event: 23.487 GC heap before
{Heap before GC invocations=9 (full 0):
 garbage-first heap   total 220160K, used 115413K [0x0000000082000000, 0x0000000100000000)
  region size 1024K, 85 young (87040K), 8 survivors (8192K)
 Metaspace       used 60222K, capacity 60974K, committed 61184K, reserved 1103872K
  class space    used 6810K, capacity 7135K, committed 7168K, reserved 1048576K
}
Event: 23.519 GC heap after
{Heap after GC invocations=10 (full 0):
 garbage-first heap   total 220160K, used 47929K [0x0000000082000000, 0x0000000100000000)
  region size 1024K, 11 young (11264K), 11 survivors (11264K)
 Metaspace       used 60222K, capacity 60974K, committed 61184K, reserved 1103872K
  class space    used 6810K, capacity 7135K, committed 7168K, reserved 1048576K
}
Event: 25.893 GC heap before
{Heap before GC invocations=10 (full 0):
 garbage-first heap   total 220160K, used 142137K [0x0000000082000000, 0x0000000100000000)
  region size 1024K, 103 young (105472K), 11 survivors (11264K)
 Metaspace       used 62195K, capacity 63035K, committed 63232K, reserved 1105920K
  class space    used 7019K, capacity 7374K, committed 7424K, reserved 1048576K
}
Event: 25.950 GC heap after
{Heap after GC invocations=11 (full 0):
 garbage-first heap   total 220160K, used 61440K [0x0000000082000000, 0x0000000100000000)
  region size 1024K, 13 young (13312K), 13 survivors (13312K)
 Metaspace       used 62195K, capacity 63035K, committed 63232K, reserved 1105920K
  class space    used 7019K, capacity 7374K, committed 7424K, reserved 1048576K
}
Event: 30.588 GC heap before
{Heap before GC invocations=11 (full 0):
 garbage-first heap   total 220160K, used 154624K [0x0000000082000000, 0x0000000100000000)
  region size 1024K, 103 young (105472K), 13 survivors (13312K)
 Metaspace       used 67016K, capacity 67891K, committed 67968K, reserved 1110016K
  class space    used 7412K, capacity 7772K, committed 7808K, reserved 1048576K
}
Event: 30.613 GC heap after
{Heap after GC invocations=12 (full 0):
 garbage-first heap   total 220160K, used 70112K [0x0000000082000000, 0x0000000100000000)
  region size 1024K, 8 young (8192K), 8 survivors (8192K)
 Metaspace       used 67016K, capacity 67891K, committed 67968K, reserved 1110016K
  class space    used 7412K, capacity 7772K, committed 7808K, reserved 1048576K
}
Event: 39.676 GC heap before
{Heap before GC invocations=12 (full 0):
 garbage-first heap   total 220160K, used 164320K [0x0000000082000000, 0x0000000100000000)
  region size 1024K, 98 young (100352K), 8 survivors (8192K)
 Metaspace       used 70083K, capacity 71050K, committed 71296K, reserved 1112064K
  class space    used 7641K, capacity 8021K, committed 8064K, reserved 1048576K
}
Event: 39.697 GC heap after
{Heap after GC invocations=13 (full 0):
 garbage-first heap   total 220160K, used 81819K [0x0000000082000000, 0x0000000100000000)
  region size 1024K, 10 young (10240K), 10 survivors (10240K)
 Metaspace       used 70083K, capacity 71050K, committed 71296K, reserved 1112064K
  class space    used 7641K, capacity 8021K, committed 8064K, reserved 1048576K
}

Deoptimization events (20 events):
Event: 40.844 Thread 0x0000023e3ef9f800 Uncommon trap: trap_request=0xffffffc6 fr.pc=0x0000023e4fa4f444 relative=0x0000000000001b24
Event: 40.844 Thread 0x0000023e3ef9f800 Uncommon trap: reason=bimorphic_or_optimized_type_check action=maybe_recompile pc=0x0000023e4fa4f444 method=org.jetbrains.kotlin.resolve.calls.inference.components.NewTypeSubstitutor$DefaultImpls.substitute(Lorg/jetbrains/kotlin/resolve/calls/inference/co
Event: 40.844 Thread 0x0000023e3ef9f800 DEOPT PACKING pc=0x0000023e4fa4f444 sp=0x0000006b88ef9880
Event: 40.844 Thread 0x0000023e3ef9f800 DEOPT UNPACKING pc=0x0000023e4775a1a9 sp=0x0000006b88ef97a0 mode 2
Event: 40.844 Thread 0x0000023e3ef9f800 Uncommon trap: trap_request=0xffffffc6 fr.pc=0x0000023e4fa4f444 relative=0x0000000000001b24
Event: 40.844 Thread 0x0000023e3ef9f800 Uncommon trap: reason=bimorphic_or_optimized_type_check action=maybe_recompile pc=0x0000023e4fa4f444 method=org.jetbrains.kotlin.resolve.calls.inference.components.NewTypeSubstitutor$DefaultImpls.substitute(Lorg/jetbrains/kotlin/resolve/calls/inference/co
Event: 40.844 Thread 0x0000023e3ef9f800 DEOPT PACKING pc=0x0000023e4fa4f444 sp=0x0000006b88ef9880
Event: 40.844 Thread 0x0000023e3ef9f800 DEOPT UNPACKING pc=0x0000023e4775a1a9 sp=0x0000006b88ef97a0 mode 2
Event: 40.847 Thread 0x0000023e3ef9f800 Uncommon trap: trap_request=0xffffffc6 fr.pc=0x0000023e4fa4f444 relative=0x0000000000001b24
Event: 40.847 Thread 0x0000023e3ef9f800 Uncommon trap: reason=bimorphic_or_optimized_type_check action=maybe_recompile pc=0x0000023e4fa4f444 method=org.jetbrains.kotlin.resolve.calls.inference.components.NewTypeSubstitutor$DefaultImpls.substitute(Lorg/jetbrains/kotlin/resolve/calls/inference/co
Event: 40.847 Thread 0x0000023e3ef9f800 DEOPT PACKING pc=0x0000023e4fa4f444 sp=0x0000006b88ef9880
Event: 40.847 Thread 0x0000023e3ef9f800 DEOPT UNPACKING pc=0x0000023e4775a1a9 sp=0x0000006b88ef97a0 mode 2
Event: 40.847 Thread 0x0000023e3ef9f800 Uncommon trap: trap_request=0xffffffc6 fr.pc=0x0000023e4fa4f444 relative=0x0000000000001b24
Event: 40.847 Thread 0x0000023e3ef9f800 Uncommon trap: reason=bimorphic_or_optimized_type_check action=maybe_recompile pc=0x0000023e4fa4f444 method=org.jetbrains.kotlin.resolve.calls.inference.components.NewTypeSubstitutor$DefaultImpls.substitute(Lorg/jetbrains/kotlin/resolve/calls/inference/co
Event: 40.847 Thread 0x0000023e3ef9f800 DEOPT PACKING pc=0x0000023e4fa4f444 sp=0x0000006b88ef9880
Event: 40.847 Thread 0x0000023e3ef9f800 DEOPT UNPACKING pc=0x0000023e4775a1a9 sp=0x0000006b88ef97a0 mode 2
Event: 40.853 Thread 0x0000023e3ef9f800 Uncommon trap: trap_request=0xffffff6e fr.pc=0x0000023e4fa7edd0 relative=0x0000000000001210
Event: 40.853 Thread 0x0000023e3ef9f800 Uncommon trap: reason=speculate_class_check action=maybe_recompile pc=0x0000023e4fa7edd0 method=org.jetbrains.kotlin.resolve.descriptorUtil.AnnotationsForResolveUtilsKt.hasExactAnnotation(Lorg/jetbrains/kotlin/types/KotlinType;)Z @ 7 c2
Event: 40.853 Thread 0x0000023e3ef9f800 DEOPT PACKING pc=0x0000023e4fa7edd0 sp=0x0000006b88ef9f80
Event: 40.853 Thread 0x0000023e3ef9f800 DEOPT UNPACKING pc=0x0000023e4775a1a9 sp=0x0000006b88ef9a10 mode 2

Classes redefined (0 events):
No events

Internal exceptions (20 events):
Event: 25.429 Thread 0x0000023e3ef9f800 Implicit null exception at 0x0000023e4f418fca to 0x0000023e4f419c00
Event: 25.429 Thread 0x0000023e3ef9f800 Implicit null exception at 0x0000023e4f418fca to 0x0000023e4f419c00
Event: 25.429 Thread 0x0000023e3ef9f800 Implicit null exception at 0x0000023e4f418fca to 0x0000023e4f419c00
Event: 25.429 Thread 0x0000023e3ef9f800 Implicit null exception at 0x0000023e4f418fca to 0x0000023e4f419c00
Event: 25.429 Thread 0x0000023e3ef9f800 Implicit null exception at 0x0000023e4f497506 to 0x0000023e4f4995f8
Event: 25.429 Thread 0x0000023e3ef9f800 Implicit null exception at 0x0000023e4f3585a3 to 0x0000023e4f35927c
Event: 26.136 Thread 0x0000023e3ef9f800 Implicit null exception at 0x0000023e4f22b8de to 0x0000023e4f22c04a
Event: 26.555 Thread 0x0000023e3ef9f800 Exception <a 'java/lang/NoSuchMethodError'{0x000000008d1f7708}: 'java.lang.Object java.lang.invoke.Invokers$Holder.linkToTargetMethod(java.lang.Object, java.lang.Object, java.lang.Object, java.lang.Object, java.lang.Object, java.lang.Object, java.lang.Object)'> (0x000000008d1f7708) thrown at [./src/hotspot/share/interpreter/linkResolver.cpp, line 773]
Event: 26.811 Thread 0x0000023e3ef9f800 Exception <a 'java/lang/NoSuchMethodError'{0x000000008c8fbac0}: 'java.lang.Object java.lang.invoke.Invokers$Holder.linkToTargetMethod(java.lang.Object, java.lang.Object, java.lang.Object, int, int, java.lang.Object)'> (0x000000008c8fbac0) thrown at [./src/hotspot/share/interpreter/linkResolver.cpp, line 773]
Event: 26.815 Thread 0x0000023e3ef9f800 Implicit null exception at 0x0000023e4f690857 to 0x0000023e4f697f24
Event: 27.288 Thread 0x0000023e3ef9f800 Exception <a 'java/lang/NoSuchMethodError'{0x000000008c05e3b8}: 'int java.lang.invoke.DirectMethodHandle$Holder.invokeStaticInit(java.lang.Object, int)'> (0x000000008c05e3b8) thrown at [./src/hotspot/share/interpreter/linkResolver.cpp, line 773]
Event: 27.393 Thread 0x0000023e3ef9f800 Exception <a 'java/lang/NoSuchMethodError'{0x000000008bf4c290}: 'java.lang.Object java.lang.invoke.DirectMethodHandle$Holder.invokeInterface(java.lang.Object, java.lang.Object, java.lang.Object)'> (0x000000008bf4c290) thrown at [./src/hotspot/share/interpreter/linkResolver.cpp, line 773]
Event: 27.393 Thread 0x0000023e3ef9f800 Exception <a 'java/lang/IncompatibleClassChangeError'{0x000000008bf4f4c0}: Found class java.lang.Object, but interface was expected> (0x000000008bf4f4c0) thrown at [./src/hotspot/share/interpreter/linkResolver.cpp, line 839]
Event: 27.542 Thread 0x0000023e3ef9f800 Implicit null exception at 0x0000023e4f6c038e to 0x0000023e4f6c18c0
Event: 28.057 Thread 0x0000023e3ef9f800 Implicit null exception at 0x0000023e4f229575 to 0x0000023e4f22973c
Event: 28.800 Thread 0x0000023e3ef9f800 Implicit null exception at 0x0000023e4f1eaf77 to 0x0000023e4f1eb448
Event: 28.823 Thread 0x0000023e3ef9f800 Implicit null exception at 0x0000023e4f1eb9f4 to 0x0000023e4f1ebe9c
Event: 30.551 Thread 0x0000023e3ef9f800 Implicit null exception at 0x0000023e4f74fd10 to 0x0000023e4f7529c0
Event: 32.134 Thread 0x0000023e3ef9f800 Implicit null exception at 0x0000023e4f7d457e to 0x0000023e4f7d46b9
Event: 33.122 Thread 0x0000023e3ef9f800 Implicit null exception at 0x0000023e4f577376 to 0x0000023e4f57760c

Events (20 events):
Event: 40.853 Thread 0x0000023e5e0ab000 flushing nmethod 0x0000023e47d2bb90
Event: 40.853 Thread 0x0000023e5e0ab000 flushing nmethod 0x0000023e47d2de10
Event: 40.853 Thread 0x0000023e5e0ab000 flushing nmethod 0x0000023e47d2f010
Event: 40.853 Thread 0x0000023e5e0ab000 flushing nmethod 0x0000023e47d33290
Event: 40.853 Thread 0x0000023e5e0ab000 flushing nmethod 0x0000023e47d35c10
Event: 40.853 Thread 0x0000023e5e0ab000 flushing nmethod 0x0000023e47d37b10
Event: 40.853 Thread 0x0000023e5e0ab000 flushing nmethod 0x0000023e47d39710
Event: 40.853 Thread 0x0000023e5e0ab000 flushing nmethod 0x0000023e47d39f90
Event: 40.853 Thread 0x0000023e5e0ab000 flushing nmethod 0x0000023e47d3a310
Event: 40.853 Thread 0x0000023e5e0ab000 flushing nmethod 0x0000023e47d3c510
Event: 40.853 Thread 0x0000023e5e0ab000 flushing nmethod 0x0000023e47d3c910
Event: 40.853 Thread 0x0000023e5e0ab000 flushing nmethod 0x0000023e47d44390
Event: 40.853 Thread 0x0000023e5e0ab000 flushing nmethod 0x0000023e47d44a10
Event: 40.853 Thread 0x0000023e5e0ab000 flushing nmethod 0x0000023e47d46e10
Event: 40.853 Thread 0x0000023e5e0ab000 flushing nmethod 0x0000023e47d4f490
Event: 40.853 Thread 0x0000023e5e0ab000 flushing nmethod 0x0000023e47d51810
Event: 40.853 Thread 0x0000023e5e0ab000 flushing nmethod 0x0000023e47d53910
Event: 40.853 Thread 0x0000023e5e0ab000 flushing nmethod 0x0000023e47d56110
Event: 40.853 Thread 0x0000023e5e0ab000 flushing nmethod 0x0000023e47d58390
Event: 40.853 Thread 0x0000023e5e0ab000 flushing nmethod 0x0000023e47d5d390


Dynamic libraries:
0x00007ff650d10000 - 0x00007ff650d1d000 	C:\Program Files\Microsoft\jdk-11.0.18.10-hotspot\bin\java.exe
0x00007ffda6fc0000 - 0x00007ffda71a1000 	C:\WINDOWS\SYSTEM32\ntdll.dll
0x00007ffda6100000 - 0x00007ffda61b1000 	C:\WINDOWS\System32\KERNEL32.DLL
0x00007ffda3840000 - 0x00007ffda3ab3000 	C:\WINDOWS\System32\KERNELBASE.dll
0x00007ffda3550000 - 0x00007ffda3648000 	C:\WINDOWS\System32\ucrtbase.dll
0x00007ffd87fe0000 - 0x00007ffd87ff7000 	C:\Program Files\Microsoft\jdk-11.0.18.10-hotspot\bin\jli.dll
0x00007ffda5cd0000 - 0x00007ffda5e60000 	C:\WINDOWS\System32\USER32.dll
0x00007ffda3440000 - 0x00007ffda3460000 	C:\WINDOWS\System32\win32u.dll
0x00007ffda6630000 - 0x00007ffda6658000 	C:\WINDOWS\System32\GDI32.dll
0x00007ffda42b0000 - 0x00007ffda4442000 	C:\WINDOWS\System32\gdi32full.dll
0x00007ffda34b0000 - 0x00007ffda354f000 	C:\WINDOWS\System32\msvcp_win.dll
0x00007ffd86ce0000 - 0x00007ffd86cf5000 	C:\Program Files\Microsoft\jdk-11.0.18.10-hotspot\bin\VCRUNTIME140.dll
0x00007ffd921c0000 - 0x00007ffd92429000 	C:\WINDOWS\WinSxS\amd64_microsoft.windows.common-controls_6595b64144ccf1df_6.0.17134.799_none_fb46a2653061bee5\COMCTL32.dll
0x00007ffda68d0000 - 0x00007ffda696e000 	C:\WINDOWS\System32\msvcrt.dll
0x00007ffda6300000 - 0x00007ffda6622000 	C:\WINDOWS\System32\combase.dll
0x00007ffda61d0000 - 0x00007ffda62f4000 	C:\WINDOWS\System32\RPCRT4.dll
0x00007ffda3b20000 - 0x00007ffda3b9a000 	C:\WINDOWS\System32\bcryptPrimitives.dll
0x00007ffda6f60000 - 0x00007ffda6f8d000 	C:\WINDOWS\System32\IMM32.DLL
0x00007ffd54140000 - 0x00007ffd541db000 	C:\Program Files\Microsoft\jdk-11.0.18.10-hotspot\bin\msvcp140.dll
0x00007ffd509f0000 - 0x00007ffd51582000 	C:\Program Files\Microsoft\jdk-11.0.18.10-hotspot\bin\server\jvm.dll
0x00007ffda5fe0000 - 0x00007ffda6081000 	C:\WINDOWS\System32\ADVAPI32.dll
0x00007ffda6090000 - 0x00007ffda60eb000 	C:\WINDOWS\System32\sechost.dll
0x00007ffda61c0000 - 0x00007ffda61c8000 	C:\WINDOWS\System32\PSAPI.DLL
0x00007ffd9fed0000 - 0x00007ffd9fed9000 	C:\WINDOWS\SYSTEM32\WSOCK32.dll
0x00007ffda6840000 - 0x00007ffda68ac000 	C:\WINDOWS\System32\WS2_32.dll
0x00007ffda0f10000 - 0x00007ffda0f33000 	C:\WINDOWS\SYSTEM32\WINMM.dll
0x00007ffd9ef20000 - 0x00007ffd9ef2a000 	C:\WINDOWS\SYSTEM32\VERSION.dll
0x00007ffda08c0000 - 0x00007ffda08ea000 	C:\WINDOWS\SYSTEM32\WINMMBASE.dll
0x00007ffda3460000 - 0x00007ffda34a9000 	C:\WINDOWS\System32\cfgmgr32.dll
0x00007ffda3370000 - 0x00007ffda3381000 	C:\WINDOWS\System32\kernel.appcore.dll
0x00007ffd89830000 - 0x00007ffd89840000 	C:\Program Files\Microsoft\jdk-11.0.18.10-hotspot\bin\verify.dll
0x00007ffd892a0000 - 0x00007ffd89469000 	C:\WINDOWS\SYSTEM32\DBGHELP.DLL
0x00007ffd89730000 - 0x00007ffd89759000 	C:\WINDOWS\SYSTEM32\dbgcore.DLL
0x00007ffd82440000 - 0x00007ffd82468000 	C:\Program Files\Microsoft\jdk-11.0.18.10-hotspot\bin\java.dll
0x00007ffd897a0000 - 0x00007ffd897aa000 	C:\Program Files\Microsoft\jdk-11.0.18.10-hotspot\bin\jimage.dll
0x00007ffd86a60000 - 0x00007ffd86a78000 	C:\Program Files\Microsoft\jdk-11.0.18.10-hotspot\bin\zip.dll
0x00007ffda4450000 - 0x00007ffda5890000 	C:\WINDOWS\System32\SHELL32.dll
0x00007ffda6720000 - 0x00007ffda67c9000 	C:\WINDOWS\System32\shcore.dll
0x00007ffda3ba0000 - 0x00007ffda42ad000 	C:\WINDOWS\System32\windows.storage.dll
0x00007ffda66c0000 - 0x00007ffda6711000 	C:\WINDOWS\System32\shlwapi.dll
0x00007ffda3350000 - 0x00007ffda336f000 	C:\WINDOWS\System32\profapi.dll
0x00007ffda3300000 - 0x00007ffda334c000 	C:\WINDOWS\System32\powrprof.dll
0x00007ffda32f0000 - 0x00007ffda32fa000 	C:\WINDOWS\System32\FLTLIB.DLL
0x00007ffd82910000 - 0x00007ffd82929000 	C:\Program Files\Microsoft\jdk-11.0.18.10-hotspot\bin\net.dll
0x00007ffd9e310000 - 0x00007ffd9e3ed000 	C:\WINDOWS\SYSTEM32\WINHTTP.dll
0x00007ffda2af0000 - 0x00007ffda2b56000 	C:\WINDOWS\system32\mswsock.dll
0x00007ffd827c0000 - 0x00007ffd827d3000 	C:\Program Files\Microsoft\jdk-11.0.18.10-hotspot\bin\nio.dll

dbghelp: loaded successfully - version: 4.0.5 - missing functions: none
symbol engine: initialized successfully - sym options: 0x614 - pdb path: .;C:\Program Files\Microsoft\jdk-11.0.18.10-hotspot\bin;C:\WINDOWS\SYSTEM32;C:\WINDOWS\WinSxS\amd64_microsoft.windows.common-controls_6595b64144ccf1df_6.0.17134.799_none_fb46a2653061bee5;C:\Program Files\Microsoft\jdk-11.0.18.10-hotspot\bin\server

VM Arguments:
java_command: org.jetbrains.kotlin.cli.jvm.K2JVMCompiler @C:\Users\User\Desktop\cdadevcdn_18-12-2022\androidreact\ss\workfree_react-native\node_modules\react-native-screens\android\build\20230301_1556293551016512274.compiler.options
java_class_path (initial): C:\Users\User\.gradle\caches\modules-2\files-2.1\org.jetbrains.kotlin\kotlin-compiler-embeddable\1.6.21\97bdd5a752ce73b58ef16c17bc7f0ea2faff7a2e\kotlin-compiler-embeddable-1.6.21.jar;C:\Users\User\.gradle\caches\modules-2\files-2.1\org.jetbrains.kotlin\kotlin-reflect\1.6.21\5dc3574d9b7bebfcb4ec6b10ada4aaa9e140bd0b\kotlin-reflect-1.6.21.jar;C:\Users\User\.gradle\caches\modules-2\files-2.1\org.jetbrains.kotlin\kotlin-stdlib\1.6.21\11ef67f1900634fd951bad28c53ec957fabbe5b8\kotlin-stdlib-1.6.21.jar;C:\Users\User\.gradle\caches\modules-2\files-2.1\org.jetbrains.kotlin\kotlin-script-runtime\1.6.21\99c6675100da5d6d5b1c5a1032f27f28008d101b\kotlin-script-runtime-1.6.21.jar;C:\Users\User\.gradle\caches\modules-2\files-2.1\org.jetbrains.kotlin\kotlin-daemon-embeddable\1.6.21\46b78cf392e1c4f10854c3cadba44abb7b82250f\kotlin-daemon-embeddable-1.6.21.jar;C:\Users\User\.gradle\caches\modules-2\files-2.1\org.jetbrains.intellij.deps\trove4j\1.0.20200330\3afb14d5f9ceb459d724e907a21145e8ff394f02\trove4j-1.0.20200330.jar;C:\Users\User\.gradle\caches\modules-2\files-2.1\net.java.dev.jna\jna\5.6.0\330f2244e9030119ab3030fc3fededc86713d9cc\jna-5.6.0.jar;C:\Users\User\.gradle\caches\modules-2\files-2.1\org.jetbrains.kotlin\kotlin-stdlib-common\1.6.21\5e5b55c26dbc80372a920aef60eb774b714559b8\kotlin-stdlib-common-1.6.21.jar;C:\Users\User\.gradle\caches\modules-2\files-2.1\org.jetbrains\annotations\13.0\919f0dfe192fb4e063e7dacadee7f8bb9a2672a9\annotations-13.0.jar
Launcher Type: SUN_STANDARD

[Global flags]
     intx CICompilerCount                          = 3                                         {product} {ergonomic}
     uint ConcGCThreads                            = 1                                         {product} {ergonomic}
     uint G1ConcRefinementThreads                  = 4                                         {product} {ergonomic}
   size_t G1HeapRegionSize                         = 1048576                                   {product} {ergonomic}
    uintx GCDrainStackTargetSize                   = 64                                        {product} {ergonomic}
   size_t InitialHeapSize                          = 132120576                                 {product} {ergonomic}
   size_t MarkStackSize                            = 4194304                                   {product} {ergonomic}
   size_t MaxHeapSize                              = 2113929216                                {product} {ergonomic}
   size_t MaxNewSize                               = 1267728384                                {product} {ergonomic}
   size_t MinHeapDeltaBytes                        = 1048576                                   {product} {ergonomic}
    uintx NonNMethodCodeHeapSize                   = 5830732                                {pd product} {ergonomic}
    uintx NonProfiledCodeHeapSize                  = 122913754                              {pd product} {ergonomic}
    uintx ProfiledCodeHeapSize                     = 122913754                              {pd product} {ergonomic}
    uintx ReservedCodeCacheSize                    = 251658240                              {pd product} {ergonomic}
     bool SegmentedCodeCache                       = true                                      {product} {ergonomic}
     bool UseCompressedClassPointers               = true                                 {lp64_product} {ergonomic}
     bool UseCompressedOops                        = true                                 {lp64_product} {ergonomic}
     bool UseG1GC                                  = true                                      {product} {ergonomic}
     bool UseLargePagesIndividualAllocation        = false                                  {pd product} {ergonomic}

Logging:
Log output configuration:
 #0: stdout all=warning uptime,level,tags
 #1: stderr all=off uptime,level,tags

Environment Variables:
JAVA_HOME=C:\Program Files\Microsoft\jdk-11.0.18.10-hotspot\
CLASSPATH=C:\Users\User\Desktop\cdadevcdn_18-12-2022\androidreact\ss\workfree_react-native\android\\gradle\wrapper\gradle-wrapper.jar
PATH=C:\Users\User\Desktop\cdadevcdn_18-12-2022\androidreact\ss\workfree_react-native\android\node_modules\.bin;C:\Users\User\Desktop\cdadevcdn_18-12-2022\androidreact\ss\workfree_react-native\node_modules\.bin;C:\Users\User\Desktop\cdadevcdn_18-12-2022\androidreact\ss\node_modules\.bin;C:\Users\User\Desktop\cdadevcdn_18-12-2022\androidreact\node_modules\.bin;C:\Users\User\Desktop\cdadevcdn_18-12-2022\node_modules\.bin;C:\Users\User\Desktop\node_modules\.bin;C:\Users\User\node_modules\.bin;C:\Users\node_modules\.bin;C:\node_modules\.bin;C:\Program Files\nodejs;C:\Users\User\Desktop\cdadevcdn_18-12-2022\androidreact\ss\workfree_react-native\node_modules\.bin;C:\Users\User\Desktop\cdadevcdn_18-12-2022\androidreact\ss\workfree_react-native\node_modules\.bin;C:\Users\User\Desktop\cdadevcdn_18-12-2022\androidreact\ss\node_modules\.bin;C:\Users\User\Desktop\cdadevcdn_18-12-2022\androidreact\node_modules\.bin;C:\Users\User\Desktop\cdadevcdn_18-12-2022\node_modules\.bin;C:\Users\User\Desktop\node_modules\.bin;C:\Users\User\node_modules\.bin;C:\Users\node_modules\.bin;C:\node_modules\.bin;C:\Program Files\nodejs\node_modules\npm\node_modules\@npmcli\run-script\lib\node-gyp-bin;C:\Users\User\bin;C:\Program Files\Git\mingw64\bin;C:\Program Files\Git\usr\local\bin;C:\Program Files\Git\usr\bin;C:\Program Files\Git\usr\bin;C:\Program Files\Git\mingw64\bin;C:\Program Files\Git\usr\bin;C:\Users\User\bin;C:\Program Files\Microsoft\jdk-11.0.18.10-hotspot\bin;C:\Program Files\Python310\Scripts;C:\Program Files\Python310;C:\Program Files (x86)\Common Files\Oracle\Java\javapath;C:\WINDOWS\system32;C:\WINDOWS;C:\WINDOWS\System32\Wbem;C:\WINDOWS\System32\WindowsPowerShell\v1.0;C:\WINDOWS\System32\OpenSSH;C:\Program Files\Git\cmd;C:\Program Files\k6;C:\Program Files\Amazon\AWSCLIV2;C:\ProgramData\chocolatey\bin;C:\Program Files\nodejs;C:\Users\User\AppData\Local\Android\Sdk\platform-tools;C:\Users\User\AppData\Local\Microsoft\WindowsApps;C:\Users\User\AppData\Local\Programs\Microsoft VS Code\
USERNAME=User
SHELL=C:\Program Files\Git\usr\bin\bash.exe
DISPLAY=needs-to-be-defined
LC_CTYPE=en_US.UTF-8
TERM=xterm
TMPDIR=C:\TEMP
OS=Windows_NT
PROCESSOR_IDENTIFIER=Intel64 Family 6 Model 158 Stepping 9, GenuineIntel
TMP=C:\TEMP
TEMP=C:\TEMP



---------------  S Y S T E M  ---------------

OS: Windows 10 , 64 bit Build 17134 (10.0.17134.753)
OS uptime: 0 days 2:06 hours

CPU:total 4 (initial active 4) (2 cores per cpu, 2 threads per core) family 6 model 158 stepping 9 microcode 0x8e, cmov, cx8, fxsr, mmx, sse, sse2, sse3, ssse3, sse4.1, sse4.2, popcnt, aes, clmul, erms, 3dnowpref, lzcnt, ht, tsc, tscinvbit

Memory: 4k page, system-wide physical 8058M (641M free)
TotalPageFile size 13211M (AvailPageFile size 2134M)
current process WorkingSet (physical memory assigned to process): 438M, peak: 446M
current process commit charge ("private bytes"): 472M, peak: 482M

vm_info: OpenJDK 64-Bit Server VM (11.0.18+10-LTS) for windows-amd64 JRE (11.0.18+10-LTS), built on Jan 18 2023 15:56:47 by "MicrosoftCorporation" with MS VC++ 15.9 (VS2017)

END.
